mode: set
github.com/macewanCS/w24MacroHard/server/handlers/handlers.go:18.48,19.54 1 0
github.com/macewanCS/w24MacroHard/server/handlers/handlers.go:19.54,23.17 3 0
github.com/macewanCS/w24MacroHard/server/handlers/handlers.go:23.17,27.4 3 0
github.com/macewanCS/w24MacroHard/server/handlers/handlers.go:30.3,30.30 1 0
github.com/macewanCS/w24MacroHard/server/handlers/handlers.go:30.30,34.18 2 0
github.com/macewanCS/w24MacroHard/server/handlers/handlers.go:34.18,40.5 3 0
github.com/macewanCS/w24MacroHard/server/handlers/handlers.go:41.4,41.14 1 0
github.com/macewanCS/w24MacroHard/server/handlers/handlers.go:41.14,45.19 3 0
github.com/macewanCS/w24MacroHard/server/handlers/handlers.go:45.19,47.6 1 0
github.com/macewanCS/w24MacroHard/server/handlers/handlers.go:50.5,58.19 8 0
github.com/macewanCS/w24MacroHard/server/handlers/handlers.go:58.19,60.6 1 0
github.com/macewanCS/w24MacroHard/server/handlers/handlers.go:62.5,65.19 3 0
github.com/macewanCS/w24MacroHard/server/handlers/handlers.go:65.19,68.6 2 0
github.com/macewanCS/w24MacroHard/server/handlers/handlers.go:70.5,74.26 3 0
github.com/macewanCS/w24MacroHard/server/handlers/handlers.go:77.9,77.35 1 0
github.com/macewanCS/w24MacroHard/server/handlers/handlers.go:77.35,81.18 2 0
github.com/macewanCS/w24MacroHard/server/handlers/handlers.go:81.18,87.5 3 0
github.com/macewanCS/w24MacroHard/server/handlers/handlers.go:88.4,88.14 1 0
github.com/macewanCS/w24MacroHard/server/handlers/handlers.go:88.14,92.19 3 0
github.com/macewanCS/w24MacroHard/server/handlers/handlers.go:92.19,94.6 1 0
github.com/macewanCS/w24MacroHard/server/handlers/handlers.go:97.5,107.19 8 0
github.com/macewanCS/w24MacroHard/server/handlers/handlers.go:107.19,109.6 1 0
github.com/macewanCS/w24MacroHard/server/handlers/handlers.go:111.5,114.19 3 0
github.com/macewanCS/w24MacroHard/server/handlers/handlers.go:114.19,117.6 2 0
github.com/macewanCS/w24MacroHard/server/handlers/handlers.go:119.5,123.26 3 0
github.com/macewanCS/w24MacroHard/server/handlers/handlers.go:125.9,125.43 1 0
github.com/macewanCS/w24MacroHard/server/handlers/handlers.go:125.43,127.4 1 0
github.com/macewanCS/w24MacroHard/server/handlers/handlers.go:127.9,129.4 1 0
github.com/macewanCS/w24MacroHard/server/handlers/handlers.go:135.51,136.54 1 0
github.com/macewanCS/w24MacroHard/server/handlers/handlers.go:136.54,140.17 3 0
github.com/macewanCS/w24MacroHard/server/handlers/handlers.go:140.17,143.4 2 0
github.com/macewanCS/w24MacroHard/server/handlers/handlers.go:146.3,147.17 2 0
github.com/macewanCS/w24MacroHard/server/handlers/handlers.go:147.17,150.4 2 0
github.com/macewanCS/w24MacroHard/server/handlers/handlers.go:155.3,155.33 1 0
github.com/macewanCS/w24MacroHard/server/handlers/handlers.go:155.33,160.18 3 0
github.com/macewanCS/w24MacroHard/server/handlers/handlers.go:160.18,163.36 2 0
github.com/macewanCS/w24MacroHard/server/handlers/handlers.go:163.36,170.6 3 0
github.com/macewanCS/w24MacroHard/server/handlers/handlers.go:170.11,176.6 2 0
github.com/macewanCS/w24MacroHard/server/handlers/handlers.go:177.10,185.19 3 0
github.com/macewanCS/w24MacroHard/server/handlers/handlers.go:185.19,188.6 2 0
github.com/macewanCS/w24MacroHard/server/handlers/handlers.go:191.5,197.26 3 0
github.com/macewanCS/w24MacroHard/server/handlers/handlers.go:199.9,199.38 1 0
github.com/macewanCS/w24MacroHard/server/handlers/handlers.go:199.38,204.18 3 0
github.com/macewanCS/w24MacroHard/server/handlers/handlers.go:204.18,207.36 2 0
github.com/macewanCS/w24MacroHard/server/handlers/handlers.go:207.36,214.6 3 0
github.com/macewanCS/w24MacroHard/server/handlers/handlers.go:214.11,218.6 2 0
github.com/macewanCS/w24MacroHard/server/handlers/handlers.go:219.10,227.19 3 0
github.com/macewanCS/w24MacroHard/server/handlers/handlers.go:227.19,230.6 2 0
github.com/macewanCS/w24MacroHard/server/handlers/handlers.go:233.5,239.26 3 0
github.com/macewanCS/w24MacroHard/server/handlers/handlers.go:241.9,241.46 1 0
github.com/macewanCS/w24MacroHard/server/handlers/handlers.go:241.46,243.4 1 0
github.com/macewanCS/w24MacroHard/server/handlers/handlers.go:245.3,245.32 1 0
github.com/macewanCS/w24MacroHard/server/handlers/handlers.go:258.56,259.54 1 0
github.com/macewanCS/w24MacroHard/server/handlers/handlers.go:259.54,272.17 5 0
github.com/macewanCS/w24MacroHard/server/handlers/handlers.go:272.17,276.4 3 0
github.com/macewanCS/w24MacroHard/server/handlers/handlers.go:278.3,279.17 2 0
github.com/macewanCS/w24MacroHard/server/handlers/handlers.go:279.17,282.4 2 0
github.com/macewanCS/w24MacroHard/server/handlers/handlers.go:287.3,288.17 2 0
github.com/macewanCS/w24MacroHard/server/handlers/handlers.go:288.17,290.4 1 0
github.com/macewanCS/w24MacroHard/server/handlers/handlers.go:292.3,292.13 1 0
github.com/macewanCS/w24MacroHard/server/handlers/handlers.go:292.13,294.4 1 0
github.com/macewanCS/w24MacroHard/server/handlers/handlers.go:297.3,297.56 1 0
github.com/macewanCS/w24MacroHard/server/handlers/handlers.go:297.56,299.18 2 0
github.com/macewanCS/w24MacroHard/server/handlers/handlers.go:299.18,302.5 2 0
github.com/macewanCS/w24MacroHard/server/handlers/handlers.go:304.3,316.17 4 0
github.com/macewanCS/w24MacroHard/server/handlers/handlers.go:316.17,320.4 3 0
github.com/macewanCS/w24MacroHard/server/handlers/handlers.go:323.3,323.24 1 0
github.com/macewanCS/w24MacroHard/server/handlers/handlers.go:328.56,329.54 1 0
github.com/macewanCS/w24MacroHard/server/handlers/handlers.go:329.54,344.17 5 0
github.com/macewanCS/w24MacroHard/server/handlers/handlers.go:344.17,348.4 3 0
github.com/macewanCS/w24MacroHard/server/handlers/handlers.go:350.3,351.33 1 0
github.com/macewanCS/w24MacroHard/server/handlers/handlers.go:351.33,354.4 2 0
github.com/macewanCS/w24MacroHard/server/handlers/handlers.go:357.3,358.17 2 0
github.com/macewanCS/w24MacroHard/server/handlers/handlers.go:358.17,361.4 2 0
github.com/macewanCS/w24MacroHard/server/handlers/handlers.go:363.3,367.17 3 0
github.com/macewanCS/w24MacroHard/server/handlers/handlers.go:367.17,371.4 3 0
github.com/macewanCS/w24MacroHard/server/handlers/handlers.go:374.3,384.17 3 0
github.com/macewanCS/w24MacroHard/server/handlers/handlers.go:384.17,388.4 3 0
github.com/macewanCS/w24MacroHard/server/handlers/handlers.go:391.3,391.24 1 0
github.com/macewanCS/w24MacroHard/server/handlers/handlers.go:397.59,398.54 1 0
github.com/macewanCS/w24MacroHard/server/handlers/handlers.go:398.54,402.17 3 0
github.com/macewanCS/w24MacroHard/server/handlers/handlers.go:402.17,406.4 3 0
github.com/macewanCS/w24MacroHard/server/handlers/handlers.go:409.3,409.82 1 0
github.com/macewanCS/w24MacroHard/server/handlers/handlers.go:409.82,412.4 2 0
github.com/macewanCS/w24MacroHard/server/handlers/handlers.go:415.3,416.17 2 0
github.com/macewanCS/w24MacroHard/server/handlers/handlers.go:416.17,420.4 3 0
github.com/macewanCS/w24MacroHard/server/handlers/handlers.go:423.3,424.36 2 0
github.com/macewanCS/w24MacroHard/server/handlers/handlers.go:424.36,427.18 2 0
github.com/macewanCS/w24MacroHard/server/handlers/handlers.go:427.18,431.5 3 0
github.com/macewanCS/w24MacroHard/server/handlers/handlers.go:434.4,435.18 2 0
github.com/macewanCS/w24MacroHard/server/handlers/handlers.go:435.18,439.5 3 0
github.com/macewanCS/w24MacroHard/server/handlers/handlers.go:440.4,440.34 1 0
github.com/macewanCS/w24MacroHard/server/handlers/handlers.go:444.3,444.23 1 0
github.com/macewanCS/w24MacroHard/server/handlers/handlers.go:444.23,446.4 1 0
github.com/macewanCS/w24MacroHard/server/handlers/handlers.go:448.3,456.17 3 0
github.com/macewanCS/w24MacroHard/server/handlers/handlers.go:456.17,460.4 3 0
github.com/macewanCS/w24MacroHard/server/handlers/handlers.go:463.3,465.24 3 0
github.com/macewanCS/w24MacroHard/server/handlers/handlers.go:470.54,471.54 1 0
github.com/macewanCS/w24MacroHard/server/handlers/handlers.go:471.54,477.17 3 0
github.com/macewanCS/w24MacroHard/server/handlers/handlers.go:477.17,481.4 3 0
github.com/macewanCS/w24MacroHard/server/handlers/handlers.go:483.3,486.46 3 0
github.com/macewanCS/w24MacroHard/server/handlers/handlers.go:486.46,488.18 2 0
github.com/macewanCS/w24MacroHard/server/handlers/handlers.go:488.18,491.5 2 0
github.com/macewanCS/w24MacroHard/server/handlers/handlers.go:492.4,492.15 1 0
github.com/macewanCS/w24MacroHard/server/handlers/handlers.go:492.15,495.5 2 0
github.com/macewanCS/w24MacroHard/server/handlers/handlers.go:498.3,499.17 2 0
github.com/macewanCS/w24MacroHard/server/handlers/handlers.go:499.17,502.4 2 0
github.com/macewanCS/w24MacroHard/server/handlers/handlers.go:504.3,504.46 1 0
github.com/macewanCS/w24MacroHard/server/handlers/handlers.go:504.46,506.18 2 0
github.com/macewanCS/w24MacroHard/server/handlers/handlers.go:506.18,509.5 2 0
github.com/macewanCS/w24MacroHard/server/handlers/handlers.go:512.3,515.17 4 0
github.com/macewanCS/w24MacroHard/server/handlers/handlers.go:515.17,518.4 2 0
github.com/macewanCS/w24MacroHard/server/handlers/handlers.go:519.3,520.17 2 0
github.com/macewanCS/w24MacroHard/server/handlers/handlers.go:520.17,523.4 2 0
github.com/macewanCS/w24MacroHard/server/handlers/handlers.go:525.3,527.17 3 0
github.com/macewanCS/w24MacroHard/server/handlers/handlers.go:527.17,529.4 1 0
github.com/macewanCS/w24MacroHard/server/handlers/handlers.go:531.3,533.17 3 0
github.com/macewanCS/w24MacroHard/server/handlers/handlers.go:533.17,535.4 1 0
github.com/macewanCS/w24MacroHard/server/handlers/handlers.go:538.3,546.17 3 0
github.com/macewanCS/w24MacroHard/server/handlers/handlers.go:546.17,550.4 3 0
github.com/macewanCS/w24MacroHard/server/handlers/handlers.go:553.3,555.24 3 0
github.com/macewanCS/w24MacroHard/server/handlers/handlers.go:561.58,562.54 1 0
github.com/macewanCS/w24MacroHard/server/handlers/handlers.go:562.54,570.17 3 0
github.com/macewanCS/w24MacroHard/server/handlers/handlers.go:570.17,574.4 3 0
github.com/macewanCS/w24MacroHard/server/handlers/handlers.go:576.3,578.17 2 0
github.com/macewanCS/w24MacroHard/server/handlers/handlers.go:578.17,581.4 2 0
github.com/macewanCS/w24MacroHard/server/handlers/handlers.go:584.3,584.33 1 0
github.com/macewanCS/w24MacroHard/server/handlers/handlers.go:584.33,586.4 1 0
github.com/macewanCS/w24MacroHard/server/handlers/handlers.go:588.3,600.17 3 0
github.com/macewanCS/w24MacroHard/server/handlers/handlers.go:600.17,604.4 3 0
github.com/macewanCS/w24MacroHard/server/handlers/handlers.go:607.3,609.24 3 0
github.com/macewanCS/w24MacroHard/server/handlers/handlers.go:615.54,616.54 1 0
github.com/macewanCS/w24MacroHard/server/handlers/handlers.go:616.54,625.17 4 0
github.com/macewanCS/w24MacroHard/server/handlers/handlers.go:625.17,629.4 3 0
github.com/macewanCS/w24MacroHard/server/handlers/handlers.go:632.3,634.17 3 0
github.com/macewanCS/w24MacroHard/server/handlers/handlers.go:634.17,637.4 2 0
github.com/macewanCS/w24MacroHard/server/handlers/handlers.go:640.3,641.17 2 0
github.com/macewanCS/w24MacroHard/server/handlers/handlers.go:641.17,644.4 2 0
github.com/macewanCS/w24MacroHard/server/handlers/handlers.go:646.3,651.56 5 0
github.com/macewanCS/w24MacroHard/server/handlers/handlers.go:651.56,653.18 2 0
github.com/macewanCS/w24MacroHard/server/handlers/handlers.go:653.18,656.5 2 0
github.com/macewanCS/w24MacroHard/server/handlers/handlers.go:660.3,663.17 4 0
github.com/macewanCS/w24MacroHard/server/handlers/handlers.go:663.17,666.4 2 0
github.com/macewanCS/w24MacroHard/server/handlers/handlers.go:667.3,668.17 2 0
github.com/macewanCS/w24MacroHard/server/handlers/handlers.go:668.17,671.4 2 0
github.com/macewanCS/w24MacroHard/server/handlers/handlers.go:672.3,674.17 3 0
github.com/macewanCS/w24MacroHard/server/handlers/handlers.go:674.17,676.4 1 0
github.com/macewanCS/w24MacroHard/server/handlers/handlers.go:679.3,689.17 3 0
github.com/macewanCS/w24MacroHard/server/handlers/handlers.go:689.17,693.4 3 0
github.com/macewanCS/w24MacroHard/server/handlers/handlers.go:696.3,698.24 3 0
github.com/macewanCS/w24MacroHard/server/handlers/handlers.go:703.52,704.54 1 1
github.com/macewanCS/w24MacroHard/server/handlers/handlers.go:704.54,709.17 3 1
github.com/macewanCS/w24MacroHard/server/handlers/handlers.go:709.17,713.4 3 0
github.com/macewanCS/w24MacroHard/server/handlers/handlers.go:716.3,717.17 2 1
github.com/macewanCS/w24MacroHard/server/handlers/handlers.go:717.17,720.4 2 0
github.com/macewanCS/w24MacroHard/server/handlers/handlers.go:723.3,724.17 2 1
github.com/macewanCS/w24MacroHard/server/handlers/handlers.go:724.17,727.4 2 0
github.com/macewanCS/w24MacroHard/server/handlers/handlers.go:730.3,731.17 2 1
github.com/macewanCS/w24MacroHard/server/handlers/handlers.go:731.17,734.4 2 0
github.com/macewanCS/w24MacroHard/server/handlers/handlers.go:736.3,736.46 1 1
github.com/macewanCS/w24MacroHard/server/handlers/handlers.go:736.46,738.18 2 1
github.com/macewanCS/w24MacroHard/server/handlers/handlers.go:738.18,741.5 2 0
github.com/macewanCS/w24MacroHard/server/handlers/handlers.go:742.4,742.15 1 1
github.com/macewanCS/w24MacroHard/server/handlers/handlers.go:742.15,745.5 2 0
github.com/macewanCS/w24MacroHard/server/handlers/handlers.go:749.3,750.17 2 1
github.com/macewanCS/w24MacroHard/server/handlers/handlers.go:750.17,753.4 2 0
github.com/macewanCS/w24MacroHard/server/handlers/handlers.go:756.3,756.46 1 1
github.com/macewanCS/w24MacroHard/server/handlers/handlers.go:756.46,758.18 2 1
github.com/macewanCS/w24MacroHard/server/handlers/handlers.go:758.18,761.5 2 0
github.com/macewanCS/w24MacroHard/server/handlers/handlers.go:765.3,765.36 1 1
github.com/macewanCS/w24MacroHard/server/handlers/handlers.go:765.36,769.42 4 0
github.com/macewanCS/w24MacroHard/server/handlers/handlers.go:769.42,772.19 2 0
github.com/macewanCS/w24MacroHard/server/handlers/handlers.go:772.19,775.6 2 0
github.com/macewanCS/w24MacroHard/server/handlers/handlers.go:779.3,781.17 3 1
github.com/macewanCS/w24MacroHard/server/handlers/handlers.go:781.17,785.4 3 0
github.com/macewanCS/w24MacroHard/server/handlers/handlers.go:788.3,789.17 2 1
github.com/macewanCS/w24MacroHard/server/handlers/handlers.go:789.17,791.4 1 1
github.com/macewanCS/w24MacroHard/server/handlers/handlers.go:793.3,796.17 4 1
github.com/macewanCS/w24MacroHard/server/handlers/handlers.go:796.17,798.4 1 0
github.com/macewanCS/w24MacroHard/server/handlers/handlers.go:799.3,800.17 2 1
github.com/macewanCS/w24MacroHard/server/handlers/handlers.go:800.17,802.4 1 1
github.com/macewanCS/w24MacroHard/server/handlers/handlers.go:804.3,806.17 3 1
github.com/macewanCS/w24MacroHard/server/handlers/handlers.go:806.17,808.4 1 0
github.com/macewanCS/w24MacroHard/server/handlers/handlers.go:811.3,813.17 3 1
github.com/macewanCS/w24MacroHard/server/handlers/handlers.go:813.17,815.4 1 1
github.com/macewanCS/w24MacroHard/server/handlers/handlers.go:818.3,830.17 3 1
github.com/macewanCS/w24MacroHard/server/handlers/handlers.go:830.17,834.4 3 0
github.com/macewanCS/w24MacroHard/server/handlers/handlers.go:837.3,839.24 3 1
github.com/macewanCS/w24MacroHard/server/handlers/handlers.go:844.53,845.54 1 0
github.com/macewanCS/w24MacroHard/server/handlers/handlers.go:845.54,849.17 3 0
github.com/macewanCS/w24MacroHard/server/handlers/handlers.go:849.17,853.4 3 0
github.com/macewanCS/w24MacroHard/server/handlers/handlers.go:855.3,856.17 2 0
github.com/macewanCS/w24MacroHard/server/handlers/handlers.go:856.17,860.4 3 0
github.com/macewanCS/w24MacroHard/server/handlers/handlers.go:861.3,867.17 6 0
github.com/macewanCS/w24MacroHard/server/handlers/handlers.go:867.17,871.4 3 0
github.com/macewanCS/w24MacroHard/server/handlers/handlers.go:873.3,875.56 2 0
