mode: set
github.com/macewanCS/w24MacroHard/server/handlers/handlers.go:19.48,20.54 1 1
github.com/macewanCS/w24MacroHard/server/handlers/handlers.go:20.54,24.17 3 1
github.com/macewanCS/w24MacroHard/server/handlers/handlers.go:24.17,28.4 3 1
github.com/macewanCS/w24MacroHard/server/handlers/handlers.go:31.3,31.30 1 1
github.com/macewanCS/w24MacroHard/server/handlers/handlers.go:31.30,35.18 2 1
github.com/macewanCS/w24MacroHard/server/handlers/handlers.go:35.18,41.5 3 1
github.com/macewanCS/w24MacroHard/server/handlers/handlers.go:42.4,42.14 1 1
github.com/macewanCS/w24MacroHard/server/handlers/handlers.go:42.14,46.19 3 1
github.com/macewanCS/w24MacroHard/server/handlers/handlers.go:46.19,48.6 1 0
github.com/macewanCS/w24MacroHard/server/handlers/handlers.go:51.5,59.19 8 1
github.com/macewanCS/w24MacroHard/server/handlers/handlers.go:59.19,61.6 1 0
github.com/macewanCS/w24MacroHard/server/handlers/handlers.go:63.5,66.19 3 1
github.com/macewanCS/w24MacroHard/server/handlers/handlers.go:66.19,69.6 2 0
github.com/macewanCS/w24MacroHard/server/handlers/handlers.go:71.5,75.26 3 1
github.com/macewanCS/w24MacroHard/server/handlers/handlers.go:78.9,78.35 1 1
github.com/macewanCS/w24MacroHard/server/handlers/handlers.go:78.35,82.18 2 1
github.com/macewanCS/w24MacroHard/server/handlers/handlers.go:82.18,88.5 3 1
github.com/macewanCS/w24MacroHard/server/handlers/handlers.go:89.4,89.14 1 1
github.com/macewanCS/w24MacroHard/server/handlers/handlers.go:89.14,93.19 3 1
github.com/macewanCS/w24MacroHard/server/handlers/handlers.go:93.19,95.6 1 0
github.com/macewanCS/w24MacroHard/server/handlers/handlers.go:98.5,108.19 8 1
github.com/macewanCS/w24MacroHard/server/handlers/handlers.go:108.19,110.6 1 0
github.com/macewanCS/w24MacroHard/server/handlers/handlers.go:112.5,115.19 3 1
github.com/macewanCS/w24MacroHard/server/handlers/handlers.go:115.19,118.6 2 0
github.com/macewanCS/w24MacroHard/server/handlers/handlers.go:120.5,124.26 3 1
github.com/macewanCS/w24MacroHard/server/handlers/handlers.go:126.9,126.43 1 1
github.com/macewanCS/w24MacroHard/server/handlers/handlers.go:126.43,128.4 1 0
github.com/macewanCS/w24MacroHard/server/handlers/handlers.go:128.9,130.4 1 1
github.com/macewanCS/w24MacroHard/server/handlers/handlers.go:136.51,137.54 1 1
github.com/macewanCS/w24MacroHard/server/handlers/handlers.go:137.54,141.17 3 1
github.com/macewanCS/w24MacroHard/server/handlers/handlers.go:141.17,144.4 2 0
github.com/macewanCS/w24MacroHard/server/handlers/handlers.go:147.3,148.17 2 1
github.com/macewanCS/w24MacroHard/server/handlers/handlers.go:148.17,151.4 2 0
github.com/macewanCS/w24MacroHard/server/handlers/handlers.go:156.3,156.33 1 1
github.com/macewanCS/w24MacroHard/server/handlers/handlers.go:156.33,161.18 3 1
github.com/macewanCS/w24MacroHard/server/handlers/handlers.go:161.18,164.36 2 1
github.com/macewanCS/w24MacroHard/server/handlers/handlers.go:164.36,171.6 3 1
github.com/macewanCS/w24MacroHard/server/handlers/handlers.go:171.11,177.6 2 0
github.com/macewanCS/w24MacroHard/server/handlers/handlers.go:178.10,186.19 3 0
github.com/macewanCS/w24MacroHard/server/handlers/handlers.go:186.19,189.6 2 0
github.com/macewanCS/w24MacroHard/server/handlers/handlers.go:192.5,198.26 3 0
github.com/macewanCS/w24MacroHard/server/handlers/handlers.go:200.9,200.38 1 0
github.com/macewanCS/w24MacroHard/server/handlers/handlers.go:200.38,205.18 3 0
github.com/macewanCS/w24MacroHard/server/handlers/handlers.go:205.18,208.36 2 0
github.com/macewanCS/w24MacroHard/server/handlers/handlers.go:208.36,215.6 3 0
github.com/macewanCS/w24MacroHard/server/handlers/handlers.go:215.11,219.6 2 0
github.com/macewanCS/w24MacroHard/server/handlers/handlers.go:220.10,228.19 3 0
github.com/macewanCS/w24MacroHard/server/handlers/handlers.go:228.19,231.6 2 0
github.com/macewanCS/w24MacroHard/server/handlers/handlers.go:234.5,240.26 3 0
github.com/macewanCS/w24MacroHard/server/handlers/handlers.go:242.9,242.46 1 0
github.com/macewanCS/w24MacroHard/server/handlers/handlers.go:242.46,244.4 1 0
github.com/macewanCS/w24MacroHard/server/handlers/handlers.go:246.3,246.32 1 1
github.com/macewanCS/w24MacroHard/server/handlers/handlers.go:259.56,260.54 1 1
github.com/macewanCS/w24MacroHard/server/handlers/handlers.go:260.54,273.17 5 1
github.com/macewanCS/w24MacroHard/server/handlers/handlers.go:273.17,277.4 3 1
github.com/macewanCS/w24MacroHard/server/handlers/handlers.go:279.3,280.17 2 1
github.com/macewanCS/w24MacroHard/server/handlers/handlers.go:280.17,283.4 2 0
github.com/macewanCS/w24MacroHard/server/handlers/handlers.go:288.3,289.17 2 1
github.com/macewanCS/w24MacroHard/server/handlers/handlers.go:289.17,291.4 1 0
github.com/macewanCS/w24MacroHard/server/handlers/handlers.go:293.3,293.13 1 1
github.com/macewanCS/w24MacroHard/server/handlers/handlers.go:293.13,295.4 1 1
github.com/macewanCS/w24MacroHard/server/handlers/handlers.go:298.3,298.56 1 1
github.com/macewanCS/w24MacroHard/server/handlers/handlers.go:298.56,300.18 2 1
github.com/macewanCS/w24MacroHard/server/handlers/handlers.go:300.18,303.5 2 0
github.com/macewanCS/w24MacroHard/server/handlers/handlers.go:305.3,317.17 4 1
github.com/macewanCS/w24MacroHard/server/handlers/handlers.go:317.17,321.4 3 0
github.com/macewanCS/w24MacroHard/server/handlers/handlers.go:324.3,324.24 1 1
github.com/macewanCS/w24MacroHard/server/handlers/handlers.go:329.56,330.54 1 1
github.com/macewanCS/w24MacroHard/server/handlers/handlers.go:330.54,345.17 5 1
github.com/macewanCS/w24MacroHard/server/handlers/handlers.go:345.17,349.4 3 1
github.com/macewanCS/w24MacroHard/server/handlers/handlers.go:351.3,352.33 1 0
github.com/macewanCS/w24MacroHard/server/handlers/handlers.go:352.33,355.4 2 0
github.com/macewanCS/w24MacroHard/server/handlers/handlers.go:358.3,359.17 2 0
github.com/macewanCS/w24MacroHard/server/handlers/handlers.go:359.17,362.4 2 0
github.com/macewanCS/w24MacroHard/server/handlers/handlers.go:364.3,368.17 3 0
github.com/macewanCS/w24MacroHard/server/handlers/handlers.go:368.17,372.4 3 0
github.com/macewanCS/w24MacroHard/server/handlers/handlers.go:375.3,385.17 3 0
github.com/macewanCS/w24MacroHard/server/handlers/handlers.go:385.17,389.4 3 0
github.com/macewanCS/w24MacroHard/server/handlers/handlers.go:392.3,392.24 1 0
github.com/macewanCS/w24MacroHard/server/handlers/handlers.go:398.59,399.54 1 1
github.com/macewanCS/w24MacroHard/server/handlers/handlers.go:399.54,403.17 3 1
github.com/macewanCS/w24MacroHard/server/handlers/handlers.go:403.17,407.4 3 0
github.com/macewanCS/w24MacroHard/server/handlers/handlers.go:410.3,410.82 1 1
github.com/macewanCS/w24MacroHard/server/handlers/handlers.go:410.82,413.4 2 0
github.com/macewanCS/w24MacroHard/server/handlers/handlers.go:416.3,417.17 2 1
github.com/macewanCS/w24MacroHard/server/handlers/handlers.go:417.17,421.4 3 0
github.com/macewanCS/w24MacroHard/server/handlers/handlers.go:424.3,425.36 2 1
github.com/macewanCS/w24MacroHard/server/handlers/handlers.go:425.36,428.18 2 1
github.com/macewanCS/w24MacroHard/server/handlers/handlers.go:428.18,432.5 3 0
github.com/macewanCS/w24MacroHard/server/handlers/handlers.go:435.4,436.18 2 1
github.com/macewanCS/w24MacroHard/server/handlers/handlers.go:436.18,440.5 3 0
github.com/macewanCS/w24MacroHard/server/handlers/handlers.go:441.4,441.34 1 1
github.com/macewanCS/w24MacroHard/server/handlers/handlers.go:445.3,445.23 1 1
github.com/macewanCS/w24MacroHard/server/handlers/handlers.go:445.23,447.4 1 0
github.com/macewanCS/w24MacroHard/server/handlers/handlers.go:449.3,457.17 3 1
github.com/macewanCS/w24MacroHard/server/handlers/handlers.go:457.17,461.4 3 0
github.com/macewanCS/w24MacroHard/server/handlers/handlers.go:464.3,466.24 3 1
github.com/macewanCS/w24MacroHard/server/handlers/handlers.go:471.54,472.54 1 1
github.com/macewanCS/w24MacroHard/server/handlers/handlers.go:472.54,478.17 3 1
github.com/macewanCS/w24MacroHard/server/handlers/handlers.go:478.17,482.4 3 0
github.com/macewanCS/w24MacroHard/server/handlers/handlers.go:484.3,487.46 3 1
github.com/macewanCS/w24MacroHard/server/handlers/handlers.go:487.46,489.18 2 0
github.com/macewanCS/w24MacroHard/server/handlers/handlers.go:489.18,492.5 2 0
github.com/macewanCS/w24MacroHard/server/handlers/handlers.go:493.4,493.15 1 0
github.com/macewanCS/w24MacroHard/server/handlers/handlers.go:493.15,496.5 2 0
github.com/macewanCS/w24MacroHard/server/handlers/handlers.go:499.3,500.17 2 1
github.com/macewanCS/w24MacroHard/server/handlers/handlers.go:500.17,503.4 2 1
github.com/macewanCS/w24MacroHard/server/handlers/handlers.go:505.3,505.46 1 0
github.com/macewanCS/w24MacroHard/server/handlers/handlers.go:505.46,507.18 2 0
github.com/macewanCS/w24MacroHard/server/handlers/handlers.go:507.18,510.5 2 0
github.com/macewanCS/w24MacroHard/server/handlers/handlers.go:514.3,522.17 3 0
github.com/macewanCS/w24MacroHard/server/handlers/handlers.go:522.17,526.4 3 0
github.com/macewanCS/w24MacroHard/server/handlers/handlers.go:529.3,531.24 3 0
github.com/macewanCS/w24MacroHard/server/handlers/handlers.go:537.58,538.54 1 0
github.com/macewanCS/w24MacroHard/server/handlers/handlers.go:538.54,546.17 3 0
github.com/macewanCS/w24MacroHard/server/handlers/handlers.go:546.17,550.4 3 0
github.com/macewanCS/w24MacroHard/server/handlers/handlers.go:552.3,554.17 2 0
github.com/macewanCS/w24MacroHard/server/handlers/handlers.go:554.17,557.4 2 0
github.com/macewanCS/w24MacroHard/server/handlers/handlers.go:560.3,560.33 1 0
github.com/macewanCS/w24MacroHard/server/handlers/handlers.go:560.33,562.4 1 0
github.com/macewanCS/w24MacroHard/server/handlers/handlers.go:564.3,576.17 3 0
github.com/macewanCS/w24MacroHard/server/handlers/handlers.go:576.17,580.4 3 0
github.com/macewanCS/w24MacroHard/server/handlers/handlers.go:583.3,585.24 3 0
github.com/macewanCS/w24MacroHard/server/handlers/handlers.go:591.54,592.54 1 1
github.com/macewanCS/w24MacroHard/server/handlers/handlers.go:592.54,601.17 4 1
github.com/macewanCS/w24MacroHard/server/handlers/handlers.go:601.17,605.4 3 0
github.com/macewanCS/w24MacroHard/server/handlers/handlers.go:608.3,610.17 3 1
github.com/macewanCS/w24MacroHard/server/handlers/handlers.go:610.17,613.4 2 0
github.com/macewanCS/w24MacroHard/server/handlers/handlers.go:616.3,617.17 2 1
github.com/macewanCS/w24MacroHard/server/handlers/handlers.go:617.17,620.4 2 0
github.com/macewanCS/w24MacroHard/server/handlers/handlers.go:622.3,627.56 5 1
github.com/macewanCS/w24MacroHard/server/handlers/handlers.go:627.56,629.18 2 1
github.com/macewanCS/w24MacroHard/server/handlers/handlers.go:629.18,632.5 2 0
github.com/macewanCS/w24MacroHard/server/handlers/handlers.go:636.3,639.17 4 1
github.com/macewanCS/w24MacroHard/server/handlers/handlers.go:639.17,642.4 2 0
github.com/macewanCS/w24MacroHard/server/handlers/handlers.go:643.3,644.17 2 1
github.com/macewanCS/w24MacroHard/server/handlers/handlers.go:644.17,647.4 2 0
github.com/macewanCS/w24MacroHard/server/handlers/handlers.go:648.3,650.17 3 1
github.com/macewanCS/w24MacroHard/server/handlers/handlers.go:650.17,652.4 1 0
github.com/macewanCS/w24MacroHard/server/handlers/handlers.go:655.3,665.17 3 1
github.com/macewanCS/w24MacroHard/server/handlers/handlers.go:665.17,669.4 3 0
github.com/macewanCS/w24MacroHard/server/handlers/handlers.go:672.3,674.24 3 1
