mode: set
github.com/macewanCS/w24MacroHard/server/handlers/handlers.go:19.48,20.54 1 0
github.com/macewanCS/w24MacroHard/server/handlers/handlers.go:20.54,24.17 3 0
github.com/macewanCS/w24MacroHard/server/handlers/handlers.go:24.17,28.4 3 0
github.com/macewanCS/w24MacroHard/server/handlers/handlers.go:31.3,31.30 1 0
github.com/macewanCS/w24MacroHard/server/handlers/handlers.go:31.30,35.18 2 0
github.com/macewanCS/w24MacroHard/server/handlers/handlers.go:35.18,41.5 3 0
github.com/macewanCS/w24MacroHard/server/handlers/handlers.go:42.4,42.14 1 0
github.com/macewanCS/w24MacroHard/server/handlers/handlers.go:42.14,46.19 3 0
github.com/macewanCS/w24MacroHard/server/handlers/handlers.go:46.19,48.6 1 0
github.com/macewanCS/w24MacroHard/server/handlers/handlers.go:51.5,59.19 8 0
github.com/macewanCS/w24MacroHard/server/handlers/handlers.go:59.19,61.6 1 0
github.com/macewanCS/w24MacroHard/server/handlers/handlers.go:63.5,66.19 3 0
github.com/macewanCS/w24MacroHard/server/handlers/handlers.go:66.19,69.6 2 0
github.com/macewanCS/w24MacroHard/server/handlers/handlers.go:71.5,75.26 3 0
github.com/macewanCS/w24MacroHard/server/handlers/handlers.go:78.9,78.35 1 0
github.com/macewanCS/w24MacroHard/server/handlers/handlers.go:78.35,82.18 2 0
github.com/macewanCS/w24MacroHard/server/handlers/handlers.go:82.18,88.5 3 0
github.com/macewanCS/w24MacroHard/server/handlers/handlers.go:89.4,89.14 1 0
github.com/macewanCS/w24MacroHard/server/handlers/handlers.go:89.14,93.19 3 0
github.com/macewanCS/w24MacroHard/server/handlers/handlers.go:93.19,95.6 1 0
github.com/macewanCS/w24MacroHard/server/handlers/handlers.go:98.5,108.19 8 0
github.com/macewanCS/w24MacroHard/server/handlers/handlers.go:108.19,110.6 1 0
github.com/macewanCS/w24MacroHard/server/handlers/handlers.go:112.5,115.19 3 0
github.com/macewanCS/w24MacroHard/server/handlers/handlers.go:115.19,118.6 2 0
github.com/macewanCS/w24MacroHard/server/handlers/handlers.go:120.5,124.26 3 0
github.com/macewanCS/w24MacroHard/server/handlers/handlers.go:126.9,126.43 1 0
github.com/macewanCS/w24MacroHard/server/handlers/handlers.go:126.43,128.4 1 0
github.com/macewanCS/w24MacroHard/server/handlers/handlers.go:128.9,130.4 1 0
github.com/macewanCS/w24MacroHard/server/handlers/handlers.go:136.51,137.54 1 0
github.com/macewanCS/w24MacroHard/server/handlers/handlers.go:137.54,141.17 3 0
github.com/macewanCS/w24MacroHard/server/handlers/handlers.go:141.17,144.4 2 0
github.com/macewanCS/w24MacroHard/server/handlers/handlers.go:147.3,148.17 2 0
github.com/macewanCS/w24MacroHard/server/handlers/handlers.go:148.17,151.4 2 0
github.com/macewanCS/w24MacroHard/server/handlers/handlers.go:156.3,156.33 1 0
github.com/macewanCS/w24MacroHard/server/handlers/handlers.go:156.33,161.18 3 0
github.com/macewanCS/w24MacroHard/server/handlers/handlers.go:161.18,164.36 2 0
github.com/macewanCS/w24MacroHard/server/handlers/handlers.go:164.36,171.6 3 0
github.com/macewanCS/w24MacroHard/server/handlers/handlers.go:171.11,177.6 2 0
github.com/macewanCS/w24MacroHard/server/handlers/handlers.go:178.10,186.19 3 0
github.com/macewanCS/w24MacroHard/server/handlers/handlers.go:186.19,189.6 2 0
github.com/macewanCS/w24MacroHard/server/handlers/handlers.go:192.5,198.26 3 0
github.com/macewanCS/w24MacroHard/server/handlers/handlers.go:200.9,200.38 1 0
github.com/macewanCS/w24MacroHard/server/handlers/handlers.go:200.38,205.18 3 0
github.com/macewanCS/w24MacroHard/server/handlers/handlers.go:205.18,208.36 2 0
github.com/macewanCS/w24MacroHard/server/handlers/handlers.go:208.36,215.6 3 0
github.com/macewanCS/w24MacroHard/server/handlers/handlers.go:215.11,219.6 2 0
github.com/macewanCS/w24MacroHard/server/handlers/handlers.go:220.10,228.19 3 0
github.com/macewanCS/w24MacroHard/server/handlers/handlers.go:228.19,231.6 2 0
github.com/macewanCS/w24MacroHard/server/handlers/handlers.go:234.5,240.26 3 0
github.com/macewanCS/w24MacroHard/server/handlers/handlers.go:242.9,242.46 1 0
github.com/macewanCS/w24MacroHard/server/handlers/handlers.go:242.46,244.4 1 0
github.com/macewanCS/w24MacroHard/server/handlers/handlers.go:246.3,246.32 1 0
github.com/macewanCS/w24MacroHard/server/handlers/handlers.go:259.56,260.54 1 0
github.com/macewanCS/w24MacroHard/server/handlers/handlers.go:260.54,273.17 5 0
github.com/macewanCS/w24MacroHard/server/handlers/handlers.go:273.17,277.4 3 0
github.com/macewanCS/w24MacroHard/server/handlers/handlers.go:279.3,280.17 2 0
github.com/macewanCS/w24MacroHard/server/handlers/handlers.go:280.17,283.4 2 0
github.com/macewanCS/w24MacroHard/server/handlers/handlers.go:288.3,289.17 2 0
github.com/macewanCS/w24MacroHard/server/handlers/handlers.go:289.17,291.4 1 0
github.com/macewanCS/w24MacroHard/server/handlers/handlers.go:293.3,293.13 1 0
github.com/macewanCS/w24MacroHard/server/handlers/handlers.go:293.13,295.4 1 0
github.com/macewanCS/w24MacroHard/server/handlers/handlers.go:298.3,298.56 1 0
github.com/macewanCS/w24MacroHard/server/handlers/handlers.go:298.56,300.18 2 0
github.com/macewanCS/w24MacroHard/server/handlers/handlers.go:300.18,303.5 2 0
github.com/macewanCS/w24MacroHard/server/handlers/handlers.go:305.3,317.17 4 0
github.com/macewanCS/w24MacroHard/server/handlers/handlers.go:317.17,321.4 3 0
github.com/macewanCS/w24MacroHard/server/handlers/handlers.go:324.3,324.24 1 0
github.com/macewanCS/w24MacroHard/server/handlers/handlers.go:329.56,330.54 1 0
github.com/macewanCS/w24MacroHard/server/handlers/handlers.go:330.54,345.17 5 0
github.com/macewanCS/w24MacroHard/server/handlers/handlers.go:345.17,349.4 3 0
github.com/macewanCS/w24MacroHard/server/handlers/handlers.go:351.3,352.33 1 0
github.com/macewanCS/w24MacroHard/server/handlers/handlers.go:352.33,355.4 2 0
github.com/macewanCS/w24MacroHard/server/handlers/handlers.go:358.3,359.17 2 0
github.com/macewanCS/w24MacroHard/server/handlers/handlers.go:359.17,362.4 2 0
github.com/macewanCS/w24MacroHard/server/handlers/handlers.go:364.3,368.17 3 0
github.com/macewanCS/w24MacroHard/server/handlers/handlers.go:368.17,372.4 3 0
github.com/macewanCS/w24MacroHard/server/handlers/handlers.go:375.3,385.17 3 0
github.com/macewanCS/w24MacroHard/server/handlers/handlers.go:385.17,389.4 3 0
github.com/macewanCS/w24MacroHard/server/handlers/handlers.go:392.3,392.24 1 0
github.com/macewanCS/w24MacroHard/server/handlers/handlers.go:398.59,399.54 1 0
github.com/macewanCS/w24MacroHard/server/handlers/handlers.go:399.54,403.17 3 0
github.com/macewanCS/w24MacroHard/server/handlers/handlers.go:403.17,407.4 3 0
github.com/macewanCS/w24MacroHard/server/handlers/handlers.go:410.3,410.82 1 0
github.com/macewanCS/w24MacroHard/server/handlers/handlers.go:410.82,413.4 2 0
github.com/macewanCS/w24MacroHard/server/handlers/handlers.go:416.3,417.17 2 0
github.com/macewanCS/w24MacroHard/server/handlers/handlers.go:417.17,421.4 3 0
github.com/macewanCS/w24MacroHard/server/handlers/handlers.go:424.3,425.36 2 0
github.com/macewanCS/w24MacroHard/server/handlers/handlers.go:425.36,428.18 2 0
github.com/macewanCS/w24MacroHard/server/handlers/handlers.go:428.18,432.5 3 0
github.com/macewanCS/w24MacroHard/server/handlers/handlers.go:435.4,436.18 2 0
github.com/macewanCS/w24MacroHard/server/handlers/handlers.go:436.18,440.5 3 0
github.com/macewanCS/w24MacroHard/server/handlers/handlers.go:441.4,441.34 1 0
github.com/macewanCS/w24MacroHard/server/handlers/handlers.go:445.3,445.23 1 0
github.com/macewanCS/w24MacroHard/server/handlers/handlers.go:445.23,447.4 1 0
github.com/macewanCS/w24MacroHard/server/handlers/handlers.go:449.3,457.17 3 0
github.com/macewanCS/w24MacroHard/server/handlers/handlers.go:457.17,461.4 3 0
github.com/macewanCS/w24MacroHard/server/handlers/handlers.go:464.3,466.24 3 0
github.com/macewanCS/w24MacroHard/server/handlers/handlers.go:471.54,472.54 1 0
github.com/macewanCS/w24MacroHard/server/handlers/handlers.go:472.54,478.17 3 0
github.com/macewanCS/w24MacroHard/server/handlers/handlers.go:478.17,482.4 3 0
github.com/macewanCS/w24MacroHard/server/handlers/handlers.go:484.3,487.46 3 0
github.com/macewanCS/w24MacroHard/server/handlers/handlers.go:487.46,489.18 2 0
github.com/macewanCS/w24MacroHard/server/handlers/handlers.go:489.18,492.5 2 0
github.com/macewanCS/w24MacroHard/server/handlers/handlers.go:493.4,493.15 1 0
github.com/macewanCS/w24MacroHard/server/handlers/handlers.go:493.15,496.5 2 0
github.com/macewanCS/w24MacroHard/server/handlers/handlers.go:499.3,500.17 2 0
github.com/macewanCS/w24MacroHard/server/handlers/handlers.go:500.17,503.4 2 0
github.com/macewanCS/w24MacroHard/server/handlers/handlers.go:505.3,505.46 1 0
github.com/macewanCS/w24MacroHard/server/handlers/handlers.go:505.46,507.18 2 0
github.com/macewanCS/w24MacroHard/server/handlers/handlers.go:507.18,510.5 2 0
github.com/macewanCS/w24MacroHard/server/handlers/handlers.go:513.3,516.17 4 0
github.com/macewanCS/w24MacroHard/server/handlers/handlers.go:516.17,519.4 2 0
github.com/macewanCS/w24MacroHard/server/handlers/handlers.go:520.3,521.17 2 0
github.com/macewanCS/w24MacroHard/server/handlers/handlers.go:521.17,524.4 2 0
github.com/macewanCS/w24MacroHard/server/handlers/handlers.go:525.3,527.17 3 0
github.com/macewanCS/w24MacroHard/server/handlers/handlers.go:527.17,529.4 1 0
github.com/macewanCS/w24MacroHard/server/handlers/handlers.go:532.3,540.17 3 0
github.com/macewanCS/w24MacroHard/server/handlers/handlers.go:540.17,544.4 3 0
github.com/macewanCS/w24MacroHard/server/handlers/handlers.go:547.3,549.24 3 0
github.com/macewanCS/w24MacroHard/server/handlers/handlers.go:555.58,556.54 1 0
github.com/macewanCS/w24MacroHard/server/handlers/handlers.go:556.54,564.17 3 0
github.com/macewanCS/w24MacroHard/server/handlers/handlers.go:564.17,568.4 3 0
github.com/macewanCS/w24MacroHard/server/handlers/handlers.go:570.3,572.17 2 0
github.com/macewanCS/w24MacroHard/server/handlers/handlers.go:572.17,575.4 2 0
github.com/macewanCS/w24MacroHard/server/handlers/handlers.go:578.3,578.33 1 0
github.com/macewanCS/w24MacroHard/server/handlers/handlers.go:578.33,580.4 1 0
github.com/macewanCS/w24MacroHard/server/handlers/handlers.go:582.3,594.17 3 0
github.com/macewanCS/w24MacroHard/server/handlers/handlers.go:594.17,598.4 3 0
github.com/macewanCS/w24MacroHard/server/handlers/handlers.go:601.3,603.24 3 0
github.com/macewanCS/w24MacroHard/server/handlers/handlers.go:609.54,610.54 1 0
github.com/macewanCS/w24MacroHard/server/handlers/handlers.go:610.54,619.17 4 0
github.com/macewanCS/w24MacroHard/server/handlers/handlers.go:619.17,623.4 3 0
github.com/macewanCS/w24MacroHard/server/handlers/handlers.go:626.3,628.17 3 0
github.com/macewanCS/w24MacroHard/server/handlers/handlers.go:628.17,631.4 2 0
github.com/macewanCS/w24MacroHard/server/handlers/handlers.go:634.3,635.17 2 0
github.com/macewanCS/w24MacroHard/server/handlers/handlers.go:635.17,638.4 2 0
github.com/macewanCS/w24MacroHard/server/handlers/handlers.go:640.3,645.56 5 0
github.com/macewanCS/w24MacroHard/server/handlers/handlers.go:645.56,647.18 2 0
github.com/macewanCS/w24MacroHard/server/handlers/handlers.go:647.18,650.5 2 0
github.com/macewanCS/w24MacroHard/server/handlers/handlers.go:654.3,657.17 4 0
github.com/macewanCS/w24MacroHard/server/handlers/handlers.go:657.17,660.4 2 0
github.com/macewanCS/w24MacroHard/server/handlers/handlers.go:661.3,662.17 2 0
github.com/macewanCS/w24MacroHard/server/handlers/handlers.go:662.17,665.4 2 0
github.com/macewanCS/w24MacroHard/server/handlers/handlers.go:666.3,668.17 3 0
github.com/macewanCS/w24MacroHard/server/handlers/handlers.go:668.17,670.4 1 0
github.com/macewanCS/w24MacroHard/server/handlers/handlers.go:673.3,683.17 3 0
github.com/macewanCS/w24MacroHard/server/handlers/handlers.go:683.17,687.4 3 0
github.com/macewanCS/w24MacroHard/server/handlers/handlers.go:690.3,692.24 3 0
github.com/macewanCS/w24MacroHard/server/handlers/handlers.go:697.52,698.54 1 1
github.com/macewanCS/w24MacroHard/server/handlers/handlers.go:698.54,703.17 3 1
github.com/macewanCS/w24MacroHard/server/handlers/handlers.go:703.17,707.4 3 0
github.com/macewanCS/w24MacroHard/server/handlers/handlers.go:710.3,711.17 2 1
github.com/macewanCS/w24MacroHard/server/handlers/handlers.go:711.17,714.4 2 1
github.com/macewanCS/w24MacroHard/server/handlers/handlers.go:717.3,718.17 2 0
github.com/macewanCS/w24MacroHard/server/handlers/handlers.go:718.17,721.4 2 0
github.com/macewanCS/w24MacroHard/server/handlers/handlers.go:724.3,725.17 2 0
github.com/macewanCS/w24MacroHard/server/handlers/handlers.go:725.17,728.4 2 0
github.com/macewanCS/w24MacroHard/server/handlers/handlers.go:730.3,730.46 1 0
github.com/macewanCS/w24MacroHard/server/handlers/handlers.go:730.46,732.18 2 0
github.com/macewanCS/w24MacroHard/server/handlers/handlers.go:732.18,735.5 2 0
github.com/macewanCS/w24MacroHard/server/handlers/handlers.go:736.4,736.15 1 0
github.com/macewanCS/w24MacroHard/server/handlers/handlers.go:736.15,739.5 2 0
github.com/macewanCS/w24MacroHard/server/handlers/handlers.go:743.3,744.17 2 0
github.com/macewanCS/w24MacroHard/server/handlers/handlers.go:744.17,747.4 2 0
github.com/macewanCS/w24MacroHard/server/handlers/handlers.go:750.3,750.46 1 0
github.com/macewanCS/w24MacroHard/server/handlers/handlers.go:750.46,752.18 2 0
github.com/macewanCS/w24MacroHard/server/handlers/handlers.go:752.18,755.5 2 0
github.com/macewanCS/w24MacroHard/server/handlers/handlers.go:759.3,759.33 1 0
github.com/macewanCS/w24MacroHard/server/handlers/handlers.go:759.33,763.42 4 0
github.com/macewanCS/w24MacroHard/server/handlers/handlers.go:763.42,766.19 2 0
github.com/macewanCS/w24MacroHard/server/handlers/handlers.go:766.19,769.6 2 0
github.com/macewanCS/w24MacroHard/server/handlers/handlers.go:773.3,775.17 3 0
github.com/macewanCS/w24MacroHard/server/handlers/handlers.go:775.17,779.4 3 0
github.com/macewanCS/w24MacroHard/server/handlers/handlers.go:812.3,824.17 3 0
github.com/macewanCS/w24MacroHard/server/handlers/handlers.go:824.17,828.4 3 0
github.com/macewanCS/w24MacroHard/server/handlers/handlers.go:831.3,833.24 3 0
