mode: set
github.com/macewanCS/w24MacroHard/server/main.go:24.15,39.16 10 0
github.com/macewanCS/w24MacroHard/server/main.go:39.16,40.13 1 0
github.com/macewanCS/w24MacroHard/server/main.go:44.2,45.16 2 0
github.com/macewanCS/w24MacroHard/server/main.go:45.16,46.13 1 0
github.com/macewanCS/w24MacroHard/server/main.go:49.2,56.58 4 0
github.com/macewanCS/w24MacroHard/server/main.go:59.13,63.2 3 0
github.com/macewanCS/w24MacroHard/server/main.go:65.28,71.29 3 0
github.com/macewanCS/w24MacroHard/server/main.go:71.29,85.3 5 0
github.com/macewanCS/w24MacroHard/server/main.go:88.2,88.29 1 0
github.com/macewanCS/w24MacroHard/server/main.go:88.29,99.3 9 0
github.com/macewanCS/w24MacroHard/server/main.go:102.2,102.10 1 0
github.com/macewanCS/w24MacroHard/server/mock/db_config.go:127.43,137.40 2 0
github.com/macewanCS/w24MacroHard/server/mock/db_config.go:137.40,139.3 1 0
github.com/macewanCS/w24MacroHard/server/mock/db_config.go:141.2,141.17 1 0
github.com/macewanCS/w24MacroHard/server/mock/db_config.go:144.39,150.2 2 0
github.com/macewanCS/w24MacroHard/server/mock/db_mock.go:18.52,20.16 2 0
github.com/macewanCS/w24MacroHard/server/mock/db_mock.go:20.16,22.3 1 0
github.com/macewanCS/w24MacroHard/server/mock/db_mock.go:23.2,23.22 1 0
github.com/macewanCS/w24MacroHard/server/mock/db_mock.go:27.67,29.2 1 0
github.com/macewanCS/w24MacroHard/server/mock/db_mock.go:32.65,34.2 1 0
github.com/macewanCS/w24MacroHard/server/mock/db_mock.go:38.60,41.2 1 0
github.com/macewanCS/w24MacroHard/server/mock/db_mock.go:44.62,47.2 1 0
github.com/macewanCS/w24MacroHard/server/mock/db_mock.go:50.70,53.2 1 0
github.com/macewanCS/w24MacroHard/server/mock/db_mock.go:56.72,59.2 1 0
github.com/macewanCS/w24MacroHard/server/mock/db_mock.go:62.64,65.2 1 0
github.com/macewanCS/w24MacroHard/server/mock/db_mock.go:68.68,71.2 1 0
github.com/macewanCS/w24MacroHard/server/mock/db_mock.go:75.79,78.2 1 0
github.com/macewanCS/w24MacroHard/server/mock/db_mock.go:81.85,84.2 1 0
github.com/macewanCS/w24MacroHard/server/mock/db_mock.go:87.77,90.2 1 0
github.com/macewanCS/w24MacroHard/server/mock/db_mock.go:93.110,97.2 1 0
github.com/macewanCS/w24MacroHard/server/mock/db_mock.go:99.92,103.2 1 0
github.com/macewanCS/w24MacroHard/server/mock/db_mock.go:105.102,109.2 1 0
github.com/macewanCS/w24MacroHard/server/mock/db_mock.go:111.91,115.2 1 0
github.com/macewanCS/w24MacroHard/server/mock/db_mock.go:117.67,120.2 1 0
github.com/macewanCS/w24MacroHard/server/mock/db_mock.go:122.67,125.2 1 0
github.com/macewanCS/w24MacroHard/server/mock/db_mock.go:127.72,130.2 1 0
github.com/macewanCS/w24MacroHard/server/mock/db_mock.go:132.72,135.2 1 0
